
> @acme/nextjs@0.1.0 build
> pnpm with-env next build


> @acme/nextjs@0.1.0 with-env /Users/me/dev/now/template/we-edit/apps/nextjs
> dotenv -e ../../.env -- "next" "build"

- info Skipping validation of types
- info Skipping linting
- info Creating an optimized production build...
- info Compiled successfully
- info Collecting page data...
- info Generating static pages (0/3)
- info Generating static pages (3/3)
- info Finalizing page optimization...

Route (pages)                              Size     First Load JS
┌ ○ /                                      1.5 kB          111 kB
├   /_app                                  0 B             110 kB
├ ○ /404                                   181 B           110 kB
├ λ /api/auth/[...nextauth]                0 B             110 kB
└ λ /api/trpc/[trpc]                       0 B             110 kB
+ First Load JS shared by all              112 kB
  ├ chunks/framework-454d74e694af5bc1.js   45.2 kB
  ├ chunks/main-c8ac83fa3e388728.js        27.7 kB
  ├ chunks/pages/_app-df293315f1eb2ce2.js  36 kB
  ├ chunks/webpack-ee7e63bc15b31913.js     815 B
  └ css/650a5c0d9fb5e229.css               2.31 kB

λ  (Server)  server-side renders at runtime (uses getInitialProps or getServerSideProps)
○  (Static)  automatically rendered as static HTML (uses no initial props)

